{
  "RSpec": {
    "coverage": {
      "/Users/heatherdalton/makers_projects/databases/Bookmarks/app.rb": {
        "lines": [
          1,
          1,
          1,
          null,
          1,
          1,
          0,
          null,
          null,
          1,
          1,
          null,
          null,
          1,
          0,
          0,
          null,
          null,
          1,
          1,
          null,
          null,
          1,
          1,
          0,
          null,
          null,
          1,
          null
        ]
      },
      "/Users/heatherdalton/makers_projects/databases/Bookmarks/lib/bookmark.rb": {
        "lines": [
          1,
          null,
          1,
          null,
          1,
          null,
          1,
          0,
          0,
          0,
          null,
          null,
          null,
          1,
          0,
          0,
          null,
          0,
          null,
          null,
          0,
          0,
          0,
          null,
          null,
          null,
          1,
          4,
          4,
          null,
          0,
          null,
          null,
          4,
          4,
          null,
          null
        ]
      },
      "/Users/heatherdalton/makers_projects/databases/Bookmarks/spec/features/index_spec.rb": {
        "lines": [
          1,
          1,
          1,
          1,
          null,
          null
        ]
      },
      "/Users/heatherdalton/makers_projects/databases/Bookmarks/spec/features/new_bookmark_spec.rb": {
        "lines": [
          1,
          1,
          1,
          1,
          1,
          1,
          null,
          0,
          null,
          null
        ]
      },
      "/Users/heatherdalton/makers_projects/databases/Bookmarks/spec/features/unit/bookmark_spec.rb": {
        "lines": [
          1,
          1,
          null,
          1,
          1,
          1,
          1,
          null,
          1,
          0,
          0,
          null,
          null,
          0,
          null,
          0,
          0,
          0,
          0,
          0,
          null,
          null,
          null,
          1,
          1,
          1,
          0,
          null,
          0,
          0,
          0,
          0,
          null,
          null,
          null
        ]
      },
      "/Users/heatherdalton/makers_projects/databases/Bookmarks/spec/database_helper.rb": {
        "lines": [
          1,
          null,
          1,
          0,
          0,
          0,
          null
        ]
      },
      "/Users/heatherdalton/makers_projects/databases/Bookmarks/spec/features/viewing_bookmarks_spec.rb": {
        "lines": [
          1,
          1,
          1,
          null,
          1,
          0,
          0,
          null,
          0,
          null,
          0,
          0,
          0,
          null,
          null,
          null,
          null
        ]
      }
    },
    "timestamp": 1628694404
  }
}
